Analysis & Synthesis report for overall
Sun Dec 29 12:54:16 2019
Quartus II Version 8.1 Build 163 10/28/2008 SJ Full Version


---------------------
; Table of Contents ;
---------------------
  1. Legal Notice
  2. Analysis & Synthesis Summary
  3. Analysis & Synthesis Settings
  4. Analysis & Synthesis Source Files Read
  5. Analysis & Synthesis Resource Usage Summary
  6. Analysis & Synthesis Resource Utilization by Entity
  7. General Register Statistics
  8. Multiplexer Restructuring Statistics (Restructuring Performed)
  9. Parameter Settings for User Entity Instance: scan:u2|74151:inst
 10. Parameter Settings for User Entity Instance: scan:u2|74161:inst4
 11. Parameter Settings for User Entity Instance: scan:u2|74151:inst2
 12. Parameter Settings for User Entity Instance: scan:u2|74151:inst1
 13. Parameter Settings for User Entity Instance: scan:u2|74151:inst3
 14. Analysis & Synthesis Messages



----------------
; Legal Notice ;
----------------
Copyright (C) 1991-2008 Altera Corporation
Your use of Altera Corporation's design tools, logic functions 
and other software and tools, and its AMPP partner logic 
functions, and any output files from any of the foregoing 
(including device programming or simulation files), and any 
associated documentation or information are expressly subject 
to the terms and conditions of the Altera Program License 
Subscription Agreement, Altera MegaCore Function License 
Agreement, or other applicable license agreement, including, 
without limitation, that your use is for the sole purpose of 
programming logic devices manufactured by Altera and sold by 
Altera or its authorized distributors.  Please refer to the 
applicable agreement for further details.



+------------------------------------------------------------------------+
; Analysis & Synthesis Summary                                           ;
+-----------------------------+------------------------------------------+
; Analysis & Synthesis Status ; Successful - Sun Dec 29 12:54:16 2019    ;
; Quartus II Version          ; 8.1 Build 163 10/28/2008 SJ Full Version ;
; Revision Name               ; overall                                  ;
; Top-level Entity Name       ; overall                                  ;
; Family                      ; Cyclone                                  ;
; Total logic elements        ; 51                                       ;
; Total pins                  ; 21                                       ;
; Total virtual pins          ; 0                                        ;
; Total memory bits           ; 0                                        ;
; Total PLLs                  ; 0                                        ;
+-----------------------------+------------------------------------------+


+----------------------------------------------------------------------------------------------------------+
; Analysis & Synthesis Settings                                                                            ;
+----------------------------------------------------------------+--------------------+--------------------+
; Option                                                         ; Setting            ; Default Value      ;
+----------------------------------------------------------------+--------------------+--------------------+
; Device                                                         ; EP1C6Q240C8        ;                    ;
; Top-level entity name                                          ; overall            ; overall            ;
; Family name                                                    ; Cyclone            ; Stratix II         ;
; Use Generated Physical Constraints File                        ; Off                ;                    ;
; Use smart compilation                                          ; Off                ; Off                ;
; Restructure Multiplexers                                       ; Auto               ; Auto               ;
; Create Debugging Nodes for IP Cores                            ; Off                ; Off                ;
; Preserve fewer node names                                      ; On                 ; On                 ;
; Disable OpenCore Plus hardware evaluation                      ; Off                ; Off                ;
; Verilog Version                                                ; Verilog_2001       ; Verilog_2001       ;
; VHDL Version                                                   ; VHDL93             ; VHDL93             ;
; State Machine Processing                                       ; Auto               ; Auto               ;
; Safe State Machine                                             ; Off                ; Off                ;
; Extract Verilog State Machines                                 ; On                 ; On                 ;
; Extract VHDL State Machines                                    ; On                 ; On                 ;
; Ignore Verilog initial constructs                              ; Off                ; Off                ;
; Iteration limit for constant Verilog loops                     ; 5000               ; 5000               ;
; Iteration limit for non-constant Verilog loops                 ; 250                ; 250                ;
; Add Pass-Through Logic to Inferred RAMs                        ; On                 ; On                 ;
; Parallel Synthesis                                             ; Off                ; Off                ;
; NOT Gate Push-Back                                             ; On                 ; On                 ;
; Power-Up Don't Care                                            ; On                 ; On                 ;
; Remove Redundant Logic Cells                                   ; Off                ; Off                ;
; Remove Duplicate Registers                                     ; On                 ; On                 ;
; Ignore CARRY Buffers                                           ; Off                ; Off                ;
; Ignore CASCADE Buffers                                         ; Off                ; Off                ;
; Ignore GLOBAL Buffers                                          ; Off                ; Off                ;
; Ignore ROW GLOBAL Buffers                                      ; Off                ; Off                ;
; Ignore LCELL Buffers                                           ; Off                ; Off                ;
; Ignore SOFT Buffers                                            ; On                 ; On                 ;
; Limit AHDL Integers to 32 Bits                                 ; Off                ; Off                ;
; Optimization Technique                                         ; Balanced           ; Balanced           ;
; Carry Chain Length                                             ; 70                 ; 70                 ;
; Auto Carry Chains                                              ; On                 ; On                 ;
; Auto Open-Drain Pins                                           ; On                 ; On                 ;
; Perform WYSIWYG Primitive Resynthesis                          ; Off                ; Off                ;
; Perform gate-level register retiming                           ; Off                ; Off                ;
; Allow register retiming to trade off Tsu/Tco with Fmax         ; On                 ; On                 ;
; Auto ROM Replacement                                           ; On                 ; On                 ;
; Auto RAM Replacement                                           ; On                 ; On                 ;
; Auto Shift Register Replacement                                ; Auto               ; Auto               ;
; Auto Clock Enable Replacement                                  ; On                 ; On                 ;
; Strict RAM Replacement                                         ; Off                ; Off                ;
; Allow Synchronous Control Signals                              ; On                 ; On                 ;
; Force Use of Synchronous Clear Signals                         ; Off                ; Off                ;
; Auto RAM Block Balancing                                       ; On                 ; On                 ;
; Auto RAM to Logic Cell Conversion                              ; Off                ; Off                ;
; Auto Resource Sharing                                          ; Off                ; Off                ;
; Allow Any RAM Size For Recognition                             ; Off                ; Off                ;
; Allow Any ROM Size For Recognition                             ; Off                ; Off                ;
; Allow Any Shift Register Size For Recognition                  ; Off                ; Off                ;
; Use LogicLock Constraints during Resource Balancing            ; On                 ; On                 ;
; Ignore translate_off and synthesis_off directives              ; Off                ; Off                ;
; Show Parameter Settings Tables in Synthesis Report             ; On                 ; On                 ;
; Ignore Maximum Fan-Out Assignments                             ; Off                ; Off                ;
; Synchronization Register Chain Length                          ; 2                  ; 2                  ;
; PowerPlay Power Optimization                                   ; Normal compilation ; Normal compilation ;
; HDL message level                                              ; Level2             ; Level2             ;
; Suppress Register Optimization Related Messages                ; Off                ; Off                ;
; Number of Removed Registers Reported in Synthesis Report       ; 100                ; 100                ;
; Number of Inverted Registers Reported in Synthesis Report      ; 100                ; 100                ;
; Clock MUX Protection                                           ; On                 ; On                 ;
; Block Design Naming                                            ; Auto               ; Auto               ;
; Synthesis Effort                                               ; Auto               ; Auto               ;
; Allows Asynchronous Clear Usage For Shift Register Replacement ; On                 ; On                 ;
; Analysis & Synthesis Message Level                             ; Medium             ; Medium             ;
+----------------------------------------------------------------+--------------------+--------------------+


+------------------------------------------------------------------------------------------------------------------------------------------------------------------+
; Analysis & Synthesis Source Files Read                                                                                                                           ;
+----------------------------------+-----------------+------------------------------------------+------------------------------------------------------------------+
; File Name with User-Entered Path ; Used in Netlist ; File Type                                ; File Name with Absolute Path                                     ;
+----------------------------------+-----------------+------------------------------------------+------------------------------------------------------------------+
; overall.vhd                      ; yes             ; User VHDL File                           ; E:/overall/overall.vhd                                           ;
; master.vhd                       ; yes             ; Auto-Found VHDL File                     ; e:/master/master.vhd                                             ;
; scan.bdf                         ; yes             ; Auto-Found Block Diagram/Schematic File  ; e:/scan/scan.bdf                                                 ;
; 7449.bdf                         ; yes             ; Megafunction                             ; d:/altera/altera/81/quartus/libraries/others/maxplus2/7449.bdf   ;
; 74151.tdf                        ; yes             ; Megafunction                             ; d:/altera/altera/81/quartus/libraries/others/maxplus2/74151.tdf  ;
; aglobal.inc                      ; yes             ; Megafunction                             ; d:/altera/altera/81/quartus/libraries/megafunctions/aglobal.inc  ;
; f74151.bdf                       ; yes             ; Megafunction                             ; d:/altera/altera/81/quartus/libraries/others/maxplus2/f74151.bdf ;
; 74161.tdf                        ; yes             ; Megafunction                             ; d:/altera/altera/81/quartus/libraries/others/maxplus2/74161.tdf  ;
; f74161.bdf                       ; yes             ; Megafunction                             ; d:/altera/altera/81/quartus/libraries/others/maxplus2/f74161.bdf ;
; count30.vhd                      ; yes             ; Auto-Found VHDL File                     ; e:/count30/count30.vhd                                           ;
+----------------------------------+-----------------+------------------------------------------+------------------------------------------------------------------+


+------------------------------------------------------+
; Analysis & Synthesis Resource Usage Summary          ;
+---------------------------------------------+--------+
; Resource                                    ; Usage  ;
+---------------------------------------------+--------+
; Total logic elements                        ; 51     ;
;     -- Combinational with no register       ; 30     ;
;     -- Register only                        ; 0      ;
;     -- Combinational with a register        ; 21     ;
;                                             ;        ;
; Logic element usage by number of LUT inputs ;        ;
;     -- 4 input functions                    ; 28     ;
;     -- 3 input functions                    ; 10     ;
;     -- 2 input functions                    ; 9      ;
;     -- 1 input functions                    ; 4      ;
;     -- 0 input functions                    ; 0      ;
;                                             ;        ;
; Logic elements by mode                      ;        ;
;     -- normal mode                          ; 45     ;
;     -- arithmetic mode                      ; 6      ;
;     -- qfbk mode                            ; 0      ;
;     -- register cascade mode                ; 0      ;
;     -- synchronous clear/load mode          ; 5      ;
;     -- asynchronous clear/load mode         ; 0      ;
;                                             ;        ;
; Total registers                             ; 21     ;
; Total logic cells in carry chains           ; 8      ;
; I/O pins                                    ; 21     ;
; Maximum fan-out node                        ; inmain ;
; Maximum fan-out                             ; 18     ;
; Total fan-out                               ; 211    ;
; Average fan-out                             ; 2.93   ;
+---------------------------------------------+--------+


+-------------------------------------------------------------------------------------------------------------------------------------------------------------------------------------------------------------------------------------------+
; Analysis & Synthesis Resource Utilization by Entity                                                                                                                                                                                       ;
+----------------------------+-------------+--------------+-------------+------+--------------+--------------+-------------------+------------------+-----------------+------------+-----------------------------------------+--------------+
; Compilation Hierarchy Node ; Logic Cells ; LC Registers ; Memory Bits ; Pins ; Virtual Pins ; LUT-Only LCs ; Register-Only LCs ; LUT/Register LCs ; Carry Chain LCs ; Packed LCs ; Full Hierarchy Name                     ; Library Name ;
+----------------------------+-------------+--------------+-------------+------+--------------+--------------+-------------------+------------------+-----------------+------------+-----------------------------------------+--------------+
; |overall                   ; 51 (0)      ; 21           ; 0           ; 21   ; 0            ; 30 (0)       ; 0 (0)             ; 21 (0)           ; 8 (0)           ; 0 (0)      ; |overall                                ; work         ;
;    |count30:u3|            ; 8 (8)       ; 6            ; 0           ; 0    ; 0            ; 2 (2)        ; 0 (0)             ; 6 (6)            ; 5 (5)           ; 0 (0)      ; |overall|count30:u3                     ; work         ;
;    |master:u1|             ; 17 (17)     ; 12           ; 0           ; 0    ; 0            ; 5 (5)        ; 0 (0)             ; 12 (12)          ; 0 (0)           ; 0 (0)      ; |overall|master:u1                      ; work         ;
;    |scan:u2|               ; 26 (0)      ; 3            ; 0           ; 0    ; 0            ; 23 (0)       ; 0 (0)             ; 3 (0)            ; 3 (0)           ; 0 (0)      ; |overall|scan:u2                        ; work         ;
;       |74151:inst1|        ; 3 (0)       ; 0            ; 0           ; 0    ; 0            ; 3 (0)        ; 0 (0)             ; 0 (0)            ; 0 (0)           ; 0 (0)      ; |overall|scan:u2|74151:inst1            ; work         ;
;          |f74151:sub|      ; 3 (3)       ; 0            ; 0           ; 0    ; 0            ; 3 (3)        ; 0 (0)             ; 0 (0)            ; 0 (0)           ; 0 (0)      ; |overall|scan:u2|74151:inst1|f74151:sub ; work         ;
;       |74151:inst2|        ; 3 (0)       ; 0            ; 0           ; 0    ; 0            ; 3 (0)        ; 0 (0)             ; 0 (0)            ; 0 (0)           ; 0 (0)      ; |overall|scan:u2|74151:inst2            ; work         ;
;          |f74151:sub|      ; 3 (3)       ; 0            ; 0           ; 0    ; 0            ; 3 (3)        ; 0 (0)             ; 0 (0)            ; 0 (0)           ; 0 (0)      ; |overall|scan:u2|74151:inst2|f74151:sub ; work         ;
;       |74151:inst3|        ; 2 (0)       ; 0            ; 0           ; 0    ; 0            ; 2 (0)        ; 0 (0)             ; 0 (0)            ; 0 (0)           ; 0 (0)      ; |overall|scan:u2|74151:inst3            ; work         ;
;          |f74151:sub|      ; 2 (2)       ; 0            ; 0           ; 0    ; 0            ; 2 (2)        ; 0 (0)             ; 0 (0)            ; 0 (0)           ; 0 (0)      ; |overall|scan:u2|74151:inst3|f74151:sub ; work         ;
;       |74151:inst|         ; 3 (0)       ; 0            ; 0           ; 0    ; 0            ; 3 (0)        ; 0 (0)             ; 0 (0)            ; 0 (0)           ; 0 (0)      ; |overall|scan:u2|74151:inst             ; work         ;
;          |f74151:sub|      ; 3 (3)       ; 0            ; 0           ; 0    ; 0            ; 3 (3)        ; 0 (0)             ; 0 (0)            ; 0 (0)           ; 0 (0)      ; |overall|scan:u2|74151:inst|f74151:sub  ; work         ;
;       |74161:inst4|        ; 3 (0)       ; 3            ; 0           ; 0    ; 0            ; 0 (0)        ; 0 (0)             ; 3 (0)            ; 3 (0)           ; 0 (0)      ; |overall|scan:u2|74161:inst4            ; work         ;
;          |f74161:sub|      ; 3 (3)       ; 3            ; 0           ; 0    ; 0            ; 0 (0)        ; 0 (0)             ; 3 (3)            ; 3 (3)           ; 0 (0)      ; |overall|scan:u2|74161:inst4|f74161:sub ; work         ;
;       |7449:inst5|         ; 12 (12)     ; 0            ; 0           ; 0    ; 0            ; 12 (12)      ; 0 (0)             ; 0 (0)            ; 0 (0)           ; 0 (0)      ; |overall|scan:u2|7449:inst5             ; work         ;
+----------------------------+-------------+--------------+-------------+------+--------------+--------------+-------------------+------------------+-----------------+------------+-----------------------------------------+--------------+
Note: For table entries with two numbers listed, the numbers in parentheses indicate the number of resources of the given type used by the specific entity alone. The numbers listed outside of parentheses indicate the total resources of the given type used by the specific entity and all of its sub-entities in the hierarchy.


+------------------------------------------------------+
; General Register Statistics                          ;
+----------------------------------------------+-------+
; Statistic                                    ; Value ;
+----------------------------------------------+-------+
; Total registers                              ; 21    ;
; Number of registers using Synchronous Clear  ; 5     ;
; Number of registers using Synchronous Load   ; 0     ;
; Number of registers using Asynchronous Clear ; 0     ;
; Number of registers using Asynchronous Load  ; 0     ;
; Number of registers using Clock Enable       ; 8     ;
; Number of registers using Preset             ; 0     ;
+----------------------------------------------+-------+


+----------------------------------------------------------------------------------------------------------------------------------------------------------+
; Multiplexer Restructuring Statistics (Restructuring Performed)                                                                                           ;
+--------------------+-----------+---------------+----------------------+------------------------+------------+--------------------------------------------+
; Multiplexer Inputs ; Bus Width ; Baseline Area ; Area if Restructured ; Saving if Restructured ; Registered ; Example Multiplexer Output                 ;
+--------------------+-----------+---------------+----------------------+------------------------+------------+--------------------------------------------+
; 3:1                ; 4 bits    ; 8 LEs         ; 8 LEs                ; 0 LEs                  ; No         ; |overall|scan:u2|74151:inst1|f74151:sub|78 ;
+--------------------+-----------+---------------+----------------------+------------------------+------------+--------------------------------------------+


+-----------------------------------------------------------------+
; Parameter Settings for User Entity Instance: scan:u2|74151:inst ;
+------------------------+---------+------------------------------+
; Parameter Name         ; Value   ; Type                         ;
+------------------------+---------+------------------------------+
; DEVICE_FAMILY          ; Cyclone ; Untyped                      ;
; AUTO_CARRY_CHAINS      ; ON      ; AUTO_CARRY                   ;
; IGNORE_CARRY_BUFFERS   ; OFF     ; IGNORE_CARRY                 ;
; AUTO_CASCADE_CHAINS    ; ON      ; AUTO_CASCADE                 ;
; IGNORE_CASCADE_BUFFERS ; OFF     ; IGNORE_CASCADE               ;
+------------------------+---------+------------------------------+
Note: In order to hide this table in the UI and the text report file, please set the "Show Parameter Settings Tables in Synthesis Report" option in "Analysis and Synthesis Settings -> More Settings" to "Off".


+------------------------------------------------------------------+
; Parameter Settings for User Entity Instance: scan:u2|74161:inst4 ;
+------------------------+---------+-------------------------------+
; Parameter Name         ; Value   ; Type                          ;
+------------------------+---------+-------------------------------+
; DEVICE_FAMILY          ; Cyclone ; Untyped                       ;
; AUTO_CARRY_CHAINS      ; ON      ; AUTO_CARRY                    ;
; IGNORE_CARRY_BUFFERS   ; OFF     ; IGNORE_CARRY                  ;
; AUTO_CASCADE_CHAINS    ; ON      ; AUTO_CASCADE                  ;
; IGNORE_CASCADE_BUFFERS ; OFF     ; IGNORE_CASCADE                ;
+------------------------+---------+-------------------------------+
Note: In order to hide this table in the UI and the text report file, please set the "Show Parameter Settings Tables in Synthesis Report" option in "Analysis and Synthesis Settings -> More Settings" to "Off".


+------------------------------------------------------------------+
; Parameter Settings for User Entity Instance: scan:u2|74151:inst2 ;
+------------------------+---------+-------------------------------+
; Parameter Name         ; Value   ; Type                          ;
+------------------------+---------+-------------------------------+
; DEVICE_FAMILY          ; Cyclone ; Untyped                       ;
; AUTO_CARRY_CHAINS      ; ON      ; AUTO_CARRY                    ;
; IGNORE_CARRY_BUFFERS   ; OFF     ; IGNORE_CARRY                  ;
; AUTO_CASCADE_CHAINS    ; ON      ; AUTO_CASCADE                  ;
; IGNORE_CASCADE_BUFFERS ; OFF     ; IGNORE_CASCADE                ;
+------------------------+---------+-------------------------------+
Note: In order to hide this table in the UI and the text report file, please set the "Show Parameter Settings Tables in Synthesis Report" option in "Analysis and Synthesis Settings -> More Settings" to "Off".


+------------------------------------------------------------------+
; Parameter Settings for User Entity Instance: scan:u2|74151:inst1 ;
+------------------------+---------+-------------------------------+
; Parameter Name         ; Value   ; Type                          ;
+------------------------+---------+-------------------------------+
; DEVICE_FAMILY          ; Cyclone ; Untyped                       ;
; AUTO_CARRY_CHAINS      ; ON      ; AUTO_CARRY                    ;
; IGNORE_CARRY_BUFFERS   ; OFF     ; IGNORE_CARRY                  ;
; AUTO_CASCADE_CHAINS    ; ON      ; AUTO_CASCADE                  ;
; IGNORE_CASCADE_BUFFERS ; OFF     ; IGNORE_CASCADE                ;
+------------------------+---------+-------------------------------+
Note: In order to hide this table in the UI and the text report file, please set the "Show Parameter Settings Tables in Synthesis Report" option in "Analysis and Synthesis Settings -> More Settings" to "Off".


+------------------------------------------------------------------+
; Parameter Settings for User Entity Instance: scan:u2|74151:inst3 ;
+------------------------+---------+-------------------------------+
; Parameter Name         ; Value   ; Type                          ;
+------------------------+---------+-------------------------------+
; DEVICE_FAMILY          ; Cyclone ; Untyped                       ;
; AUTO_CARRY_CHAINS      ; ON      ; AUTO_CARRY                    ;
; IGNORE_CARRY_BUFFERS   ; OFF     ; IGNORE_CARRY                  ;
; AUTO_CASCADE_CHAINS    ; ON      ; AUTO_CASCADE                  ;
; IGNORE_CASCADE_BUFFERS ; OFF     ; IGNORE_CASCADE                ;
+------------------------+---------+-------------------------------+
Note: In order to hide this table in the UI and the text report file, please set the "Show Parameter Settings Tables in Synthesis Report" option in "Analysis and Synthesis Settings -> More Settings" to "Off".


+-------------------------------+
; Analysis & Synthesis Messages ;
+-------------------------------+
Info: *******************************************************************
Info: Running Quartus II Analysis & Synthesis
    Info: Version 8.1 Build 163 10/28/2008 SJ Full Version
    Info: Processing started: Sun Dec 29 12:54:15 2019
Info: Command: quartus_map --read_settings_files=on --write_settings_files=off overall -c overall
Info: Found 2 design units, including 1 entities, in source file overall.vhd
    Info: Found design unit 1: overall-bhv
    Info: Found entity 1: overall
Info: Elaborating entity "overall" for the top level hierarchy
Warning: Using design file ../master/master.vhd, which is not specified as a design file for the current project, but contains definitions for 2 design units and 1 entities in project
    Info: Found design unit 1: master-behave
    Info: Found entity 1: master
Info: Elaborating entity "master" for hierarchy "master:u1"
Warning: Using design file ../scan/scan.bdf, which is not specified as a design file for the current project, but contains definitions for 1 design units and 1 entities in project
    Info: Found entity 1: scan
Info: Elaborating entity "scan" for hierarchy "scan:u2"
Info: Elaborating entity "7449" for hierarchy "scan:u2|7449:inst5"
Info: Elaborated megafunction instantiation "scan:u2|7449:inst5"
Info: Elaborating entity "74151" for hierarchy "scan:u2|74151:inst"
Info: Elaborated megafunction instantiation "scan:u2|74151:inst"
Info: Elaborating entity "f74151" for hierarchy "scan:u2|74151:inst|f74151:sub"
Info: Elaborated megafunction instantiation "scan:u2|74151:inst|f74151:sub", which is child of megafunction instantiation "scan:u2|74151:inst"
Info: Elaborating entity "74161" for hierarchy "scan:u2|74161:inst4"
Info: Elaborated megafunction instantiation "scan:u2|74161:inst4"
Info: Elaborating entity "f74161" for hierarchy "scan:u2|74161:inst4|f74161:sub"
Info: Elaborated megafunction instantiation "scan:u2|74161:inst4|f74161:sub", which is child of megafunction instantiation "scan:u2|74161:inst4"
Warning: Using design file ../count30/count30.vhd, which is not specified as a design file for the current project, but contains definitions for 2 design units and 1 entities in project
    Info: Found design unit 1: count30-behave
    Info: Found entity 1: count30
Info: Elaborating entity "count30" for hierarchy "count30:u3"
Info: Ignored 8 buffer(s)
    Info: Ignored 8 CASCADE buffer(s)
Info: Converted 1 single input CARRY primitives to CARRY_SUM primitives
Info: Implemented 72 device resources after synthesis - the final resource count might be different
    Info: Implemented 6 input pins
    Info: Implemented 15 output pins
    Info: Implemented 51 logic cells
Info: Quartus II Analysis & Synthesis was successful. 0 errors, 3 warnings
    Info: Peak virtual memory: 251 megabytes
    Info: Processing ended: Sun Dec 29 12:54:16 2019
    Info: Elapsed time: 00:00:01
    Info: Total CPU time (on all processors): 00:00:01


