Simulator report for count30
Sat Dec 28 21:20:23 2019
Quartus II Version 8.1 Build 163 10/28/2008 SJ Full Version


---------------------
; Table of Contents ;
---------------------
  1. Legal Notice
  2. Simulator Summary
  3. Simulator Settings
  4. Simulation Waveforms
  5. Coverage Summary
  6. Complete 1/0-Value Coverage
  7. Missing 1-Value Coverage
  8. Missing 0-Value Coverage
  9. Simulator INI Usage
 10. Simulator Messages



----------------
; Legal Notice ;
----------------
Copyright (C) 1991-2008 Altera Corporation
Your use of Altera Corporation's design tools, logic functions 
and other software and tools, and its AMPP partner logic 
functions, and any output files from any of the foregoing 
(including device programming or simulation files), and any 
associated documentation or information are expressly subject 
to the terms and conditions of the Altera Program License 
Subscription Agreement, Altera MegaCore Function License 
Agreement, or other applicable license agreement, including, 
without limitation, that your use is for the sole purpose of 
programming logic devices manufactured by Altera and sold by 
Altera or its authorized distributors.  Please refer to the 
applicable agreement for further details.



+--------------------------------------------+
; Simulator Summary                          ;
+-----------------------------+--------------+
; Type                        ; Value        ;
+-----------------------------+--------------+
; Simulation Start Time       ; 0 ps         ;
; Simulation End Time         ; 1.0 us       ;
; Simulation Netlist Size     ; 113 nodes    ;
; Simulation Coverage         ;      60.00 % ;
; Total Number of Transitions ; 85891        ;
; Simulation Breakpoints      ; 0            ;
; Family                      ; Cyclone      ;
+-----------------------------+--------------+


+--------------------------------------------------------------------------------------------------------------------------+
; Simulator Settings                                                                                                       ;
+--------------------------------------------------------------------------------------------+-------------+---------------+
; Option                                                                                     ; Setting     ; Default Value ;
+--------------------------------------------------------------------------------------------+-------------+---------------+
; Simulation mode                                                                            ; Functional  ; Timing        ;
; Start time                                                                                 ; 0 ns        ; 0 ns          ;
; Simulation results format                                                                  ; CVWF        ;               ;
; Vector input source                                                                        ; count30.vwf ;               ;
; Add pins automatically to simulation output waveforms                                      ; On          ; On            ;
; Check outputs                                                                              ; Off         ; Off           ;
; Report simulation coverage                                                                 ; On          ; On            ;
; Display complete 1/0 value coverage report                                                 ; On          ; On            ;
; Display missing 1-value coverage report                                                    ; On          ; On            ;
; Display missing 0-value coverage report                                                    ; On          ; On            ;
; Detect setup and hold time violations                                                      ; Off         ; Off           ;
; Detect glitches                                                                            ; Off         ; Off           ;
; Disable timing delays in Timing Simulation                                                 ; Off         ; Off           ;
; Generate Signal Activity File                                                              ; Off         ; Off           ;
; Generate VCD File for PowerPlay Power Analyzer                                             ; Off         ; Off           ;
; Group bus channels in simulation results                                                   ; Off         ; Off           ;
; Preserve fewer signal transitions to reduce memory requirements                            ; On          ; On            ;
; Trigger vector comparison with the specified mode                                          ; INPUT_EDGE  ; INPUT_EDGE    ;
; Disable setup and hold time violations detection in input registers of bi-directional pins ; Off         ; Off           ;
; Overwrite Waveform Inputs With Simulation Outputs                                          ; Off         ;               ;
; Perform Glitch Filtering in Timing Simulation                                              ; Auto        ; Auto          ;
+--------------------------------------------------------------------------------------------+-------------+---------------+


+----------------------+
; Simulation Waveforms ;
+----------------------+
Waveform report data cannot be output to ASCII.
Please use Quartus II to view the waveform report data.


+--------------------------------------------------------------------+
; Coverage Summary                                                   ;
+-----------------------------------------------------+--------------+
; Type                                                ; Value        ;
+-----------------------------------------------------+--------------+
; Total coverage as a percentage                      ;      60.00 % ;
; Total nodes checked                                 ; 113          ;
; Total output ports checked                          ; 120          ;
; Total output ports with complete 1/0-value coverage ; 72           ;
; Total output ports with no 1/0-value coverage       ; 48           ;
; Total output ports with no 1-value coverage         ; 48           ;
; Total output ports with no 0-value coverage         ; 48           ;
+-----------------------------------------------------+--------------+


The following table displays output ports that toggle between 1 and 0 during simulation.
+--------------------------------------------------------------------------------------------------------------------------------------------------------------------------------+
; Complete 1/0-Value Coverage                                                                                                                                                    ;
+------------------------------------------------------------------------------+------------------------------------------------------------------------------+------------------+
; Node Name                                                                    ; Output Port Name                                                             ; Output Port Type ;
+------------------------------------------------------------------------------+------------------------------------------------------------------------------+------------------+
; |count30|count~2                                                             ; |count30|count~2                                                             ; out              ;
; |count30|count~3                                                             ; |count30|count~3                                                             ; out              ;
; |count30|count~4                                                             ; |count30|count~4                                                             ; out              ;
; |count30|count~5                                                             ; |count30|count~5                                                             ; out              ;
; |count30|count~6                                                             ; |count30|count~6                                                             ; out              ;
; |count30|count~7                                                             ; |count30|count~7                                                             ; out              ;
; |count30|cnrn~0                                                              ; |count30|cnrn~0                                                              ; out              ;
; |count30|count[4]                                                            ; |count30|count[4]                                                            ; regout           ;
; |count30|count[3]                                                            ; |count30|count[3]                                                            ; regout           ;
; |count30|count[2]                                                            ; |count30|count[2]                                                            ; regout           ;
; |count30|count[1]                                                            ; |count30|count[1]                                                            ; regout           ;
; |count30|count[0]                                                            ; |count30|count[0]                                                            ; regout           ;
; |count30|cnrn~reg0                                                           ; |count30|cnrn~reg0                                                           ; regout           ;
; |count30|cin                                                                 ; |count30|cin                                                                 ; out              ;
; |count30|c[0]                                                                ; |count30|c[0]                                                                ; pin_out          ;
; |count30|c[1]                                                                ; |count30|c[1]                                                                ; pin_out          ;
; |count30|c[2]                                                                ; |count30|c[2]                                                                ; pin_out          ;
; |count30|c[3]                                                                ; |count30|c[3]                                                                ; pin_out          ;
; |count30|c[4]                                                                ; |count30|c[4]                                                                ; pin_out          ;
; |count30|cnrn                                                                ; |count30|cnrn                                                                ; pin_out          ;
; |count30|LessThan0~32                                                        ; |count30|LessThan0~32                                                        ; out0             ;
; |count30|LessThan0~33                                                        ; |count30|LessThan0~33                                                        ; out0             ;
; |count30|LessThan0~34                                                        ; |count30|LessThan0~34                                                        ; out0             ;
; |count30|LessThan0~35                                                        ; |count30|LessThan0~35                                                        ; out0             ;
; |count30|LessThan0~36                                                        ; |count30|LessThan0~36                                                        ; out0             ;
; |count30|LessThan0~37                                                        ; |count30|LessThan0~37                                                        ; out0             ;
; |count30|LessThan0~38                                                        ; |count30|LessThan0~38                                                        ; out0             ;
; |count30|LessThan0~39                                                        ; |count30|LessThan0~39                                                        ; out0             ;
; |count30|LessThan0~40                                                        ; |count30|LessThan0~40                                                        ; out0             ;
; |count30|LessThan0~41                                                        ; |count30|LessThan0~41                                                        ; out0             ;
; |count30|lpm_add_sub:Add0|result_node[0]                                     ; |count30|lpm_add_sub:Add0|result_node[0]                                     ; out0             ;
; |count30|lpm_add_sub:Add0|result_node[1]                                     ; |count30|lpm_add_sub:Add0|result_node[1]                                     ; out0             ;
; |count30|lpm_add_sub:Add0|result_node[2]                                     ; |count30|lpm_add_sub:Add0|result_node[2]                                     ; out0             ;
; |count30|lpm_add_sub:Add0|result_node[3]                                     ; |count30|lpm_add_sub:Add0|result_node[3]                                     ; out0             ;
; |count30|lpm_add_sub:Add0|result_node[4]                                     ; |count30|lpm_add_sub:Add0|result_node[4]                                     ; out0             ;
; |count30|lpm_add_sub:Add0|result_node[5]                                     ; |count30|lpm_add_sub:Add0|result_node[5]                                     ; out0             ;
; |count30|lpm_add_sub:Add0|addcore:adder|unreg_res_node[0]~0                  ; |count30|lpm_add_sub:Add0|addcore:adder|unreg_res_node[0]~0                  ; out0             ;
; |count30|lpm_add_sub:Add0|addcore:adder|unreg_res_node[0]                    ; |count30|lpm_add_sub:Add0|addcore:adder|unreg_res_node[0]                    ; out0             ;
; |count30|lpm_add_sub:Add0|addcore:adder|_~0                                  ; |count30|lpm_add_sub:Add0|addcore:adder|_~0                                  ; out0             ;
; |count30|lpm_add_sub:Add0|addcore:adder|_~3                                  ; |count30|lpm_add_sub:Add0|addcore:adder|_~3                                  ; out0             ;
; |count30|lpm_add_sub:Add0|addcore:adder|unreg_res_node[4]~4                  ; |count30|lpm_add_sub:Add0|addcore:adder|unreg_res_node[4]~4                  ; out0             ;
; |count30|lpm_add_sub:Add0|addcore:adder|unreg_res_node[3]~5                  ; |count30|lpm_add_sub:Add0|addcore:adder|unreg_res_node[3]~5                  ; out0             ;
; |count30|lpm_add_sub:Add0|addcore:adder|unreg_res_node[2]~6                  ; |count30|lpm_add_sub:Add0|addcore:adder|unreg_res_node[2]~6                  ; out0             ;
; |count30|lpm_add_sub:Add0|addcore:adder|unreg_res_node[1]~7                  ; |count30|lpm_add_sub:Add0|addcore:adder|unreg_res_node[1]~7                  ; out0             ;
; |count30|lpm_add_sub:Add0|addcore:adder|unreg_res_node[5]                    ; |count30|lpm_add_sub:Add0|addcore:adder|unreg_res_node[5]                    ; out0             ;
; |count30|lpm_add_sub:Add0|addcore:adder|unreg_res_node[4]                    ; |count30|lpm_add_sub:Add0|addcore:adder|unreg_res_node[4]                    ; out0             ;
; |count30|lpm_add_sub:Add0|addcore:adder|unreg_res_node[3]                    ; |count30|lpm_add_sub:Add0|addcore:adder|unreg_res_node[3]                    ; out0             ;
; |count30|lpm_add_sub:Add0|addcore:adder|unreg_res_node[2]                    ; |count30|lpm_add_sub:Add0|addcore:adder|unreg_res_node[2]                    ; out0             ;
; |count30|lpm_add_sub:Add0|addcore:adder|unreg_res_node[1]                    ; |count30|lpm_add_sub:Add0|addcore:adder|unreg_res_node[1]                    ; out0             ;
; |count30|lpm_add_sub:Add0|addcore:adder|_~14                                 ; |count30|lpm_add_sub:Add0|addcore:adder|_~14                                 ; out0             ;
; |count30|lpm_add_sub:Add0|addcore:adder|_~15                                 ; |count30|lpm_add_sub:Add0|addcore:adder|_~15                                 ; out0             ;
; |count30|lpm_add_sub:Add0|addcore:adder|_~16                                 ; |count30|lpm_add_sub:Add0|addcore:adder|_~16                                 ; out0             ;
; |count30|lpm_add_sub:Add0|addcore:adder|_~17                                 ; |count30|lpm_add_sub:Add0|addcore:adder|_~17                                 ; out0             ;
; |count30|lpm_add_sub:Add0|addcore:adder|_~21                                 ; |count30|lpm_add_sub:Add0|addcore:adder|_~21                                 ; out0             ;
; |count30|lpm_add_sub:Add0|addcore:adder|_~22                                 ; |count30|lpm_add_sub:Add0|addcore:adder|_~22                                 ; out0             ;
; |count30|lpm_add_sub:Add0|addcore:adder|_~23                                 ; |count30|lpm_add_sub:Add0|addcore:adder|_~23                                 ; out0             ;
; |count30|lpm_add_sub:Add0|addcore:adder|_~24                                 ; |count30|lpm_add_sub:Add0|addcore:adder|_~24                                 ; out0             ;
; |count30|lpm_add_sub:Add0|addcore:adder|_~28                                 ; |count30|lpm_add_sub:Add0|addcore:adder|_~28                                 ; out0             ;
; |count30|lpm_add_sub:Add0|addcore:adder|_~29                                 ; |count30|lpm_add_sub:Add0|addcore:adder|_~29                                 ; out0             ;
; |count30|lpm_add_sub:Add0|addcore:adder|_~30                                 ; |count30|lpm_add_sub:Add0|addcore:adder|_~30                                 ; out0             ;
; |count30|lpm_add_sub:Add0|addcore:adder|_~31                                 ; |count30|lpm_add_sub:Add0|addcore:adder|_~31                                 ; out0             ;
; |count30|lpm_add_sub:Add0|addcore:adder|a_csnbuffer:result_node|cs_buffer[5] ; |count30|lpm_add_sub:Add0|addcore:adder|a_csnbuffer:result_node|cs_buffer[5] ; sout             ;
; |count30|lpm_add_sub:Add0|addcore:adder|a_csnbuffer:result_node|cs_buffer[4] ; |count30|lpm_add_sub:Add0|addcore:adder|a_csnbuffer:result_node|cout[4]      ; cout             ;
; |count30|lpm_add_sub:Add0|addcore:adder|a_csnbuffer:result_node|cs_buffer[4] ; |count30|lpm_add_sub:Add0|addcore:adder|a_csnbuffer:result_node|cs_buffer[4] ; sout             ;
; |count30|lpm_add_sub:Add0|addcore:adder|a_csnbuffer:result_node|cs_buffer[3] ; |count30|lpm_add_sub:Add0|addcore:adder|a_csnbuffer:result_node|cout[3]      ; cout             ;
; |count30|lpm_add_sub:Add0|addcore:adder|a_csnbuffer:result_node|cs_buffer[3] ; |count30|lpm_add_sub:Add0|addcore:adder|a_csnbuffer:result_node|cs_buffer[3] ; sout             ;
; |count30|lpm_add_sub:Add0|addcore:adder|a_csnbuffer:result_node|cs_buffer[2] ; |count30|lpm_add_sub:Add0|addcore:adder|a_csnbuffer:result_node|cout[2]      ; cout             ;
; |count30|lpm_add_sub:Add0|addcore:adder|a_csnbuffer:result_node|cs_buffer[2] ; |count30|lpm_add_sub:Add0|addcore:adder|a_csnbuffer:result_node|cs_buffer[2] ; sout             ;
; |count30|lpm_add_sub:Add0|addcore:adder|a_csnbuffer:result_node|cs_buffer[1] ; |count30|lpm_add_sub:Add0|addcore:adder|a_csnbuffer:result_node|cout[1]      ; cout             ;
; |count30|lpm_add_sub:Add0|addcore:adder|a_csnbuffer:result_node|cs_buffer[1] ; |count30|lpm_add_sub:Add0|addcore:adder|a_csnbuffer:result_node|cs_buffer[1] ; sout             ;
; |count30|lpm_add_sub:Add0|addcore:adder|a_csnbuffer:result_node|cs_buffer[0] ; |count30|lpm_add_sub:Add0|addcore:adder|a_csnbuffer:result_node|cout[0]      ; cout             ;
; |count30|lpm_add_sub:Add0|addcore:adder|a_csnbuffer:result_node|cs_buffer[0] ; |count30|lpm_add_sub:Add0|addcore:adder|a_csnbuffer:result_node|cs_buffer[0] ; sout             ;
+------------------------------------------------------------------------------+------------------------------------------------------------------------------+------------------+


The following table displays output ports that do not toggle to 1 during simulation.
+--------------------------------------------------------------------------------------------------------------------------------------------------------------------------------+
; Missing 1-Value Coverage                                                                                                                                                       ;
+------------------------------------------------------------------------------+------------------------------------------------------------------------------+------------------+
; Node Name                                                                    ; Output Port Name                                                             ; Output Port Type ;
+------------------------------------------------------------------------------+------------------------------------------------------------------------------+------------------+
; |count30|count~0                                                             ; |count30|count~0                                                             ; out              ;
; |count30|count~1                                                             ; |count30|count~1                                                             ; out              ;
; |count30|count[7]                                                            ; |count30|count[7]                                                            ; regout           ;
; |count30|count[6]                                                            ; |count30|count[6]                                                            ; regout           ;
; |count30|count[5]                                                            ; |count30|count[5]                                                            ; regout           ;
; |count30|rst                                                                 ; |count30|rst                                                                 ; out              ;
; |count30|c[5]                                                                ; |count30|c[5]                                                                ; pin_out          ;
; |count30|c[6]                                                                ; |count30|c[6]                                                                ; pin_out          ;
; |count30|c[7]                                                                ; |count30|c[7]                                                                ; pin_out          ;
; |count30|lpm_add_sub:Add0|result_node[6]                                     ; |count30|lpm_add_sub:Add0|result_node[6]                                     ; out0             ;
; |count30|lpm_add_sub:Add0|result_node[7]                                     ; |count30|lpm_add_sub:Add0|result_node[7]                                     ; out0             ;
; |count30|lpm_add_sub:Add0|addcore:adder|datab_node[0]~0                      ; |count30|lpm_add_sub:Add0|addcore:adder|datab_node[0]~0                      ; out0             ;
; |count30|lpm_add_sub:Add0|addcore:adder|datab_node[0]                        ; |count30|lpm_add_sub:Add0|addcore:adder|datab_node[0]                        ; out0             ;
; |count30|lpm_add_sub:Add0|addcore:adder|_~1                                  ; |count30|lpm_add_sub:Add0|addcore:adder|_~1                                  ; out0             ;
; |count30|lpm_add_sub:Add0|addcore:adder|_~2                                  ; |count30|lpm_add_sub:Add0|addcore:adder|_~2                                  ; out0             ;
; |count30|lpm_add_sub:Add0|addcore:adder|datab_node[7]~1                      ; |count30|lpm_add_sub:Add0|addcore:adder|datab_node[7]~1                      ; out0             ;
; |count30|lpm_add_sub:Add0|addcore:adder|datab_node[7]                        ; |count30|lpm_add_sub:Add0|addcore:adder|datab_node[7]                        ; out0             ;
; |count30|lpm_add_sub:Add0|addcore:adder|datab_node[6]                        ; |count30|lpm_add_sub:Add0|addcore:adder|datab_node[6]                        ; out0             ;
; |count30|lpm_add_sub:Add0|addcore:adder|datab_node[5]                        ; |count30|lpm_add_sub:Add0|addcore:adder|datab_node[5]                        ; out0             ;
; |count30|lpm_add_sub:Add0|addcore:adder|datab_node[4]                        ; |count30|lpm_add_sub:Add0|addcore:adder|datab_node[4]                        ; out0             ;
; |count30|lpm_add_sub:Add0|addcore:adder|datab_node[3]                        ; |count30|lpm_add_sub:Add0|addcore:adder|datab_node[3]                        ; out0             ;
; |count30|lpm_add_sub:Add0|addcore:adder|datab_node[2]                        ; |count30|lpm_add_sub:Add0|addcore:adder|datab_node[2]                        ; out0             ;
; |count30|lpm_add_sub:Add0|addcore:adder|datab_node[1]                        ; |count30|lpm_add_sub:Add0|addcore:adder|datab_node[1]                        ; out0             ;
; |count30|lpm_add_sub:Add0|addcore:adder|unreg_res_node[7]~1                  ; |count30|lpm_add_sub:Add0|addcore:adder|unreg_res_node[7]~1                  ; out0             ;
; |count30|lpm_add_sub:Add0|addcore:adder|unreg_res_node[6]~2                  ; |count30|lpm_add_sub:Add0|addcore:adder|unreg_res_node[6]~2                  ; out0             ;
; |count30|lpm_add_sub:Add0|addcore:adder|unreg_res_node[5]~3                  ; |count30|lpm_add_sub:Add0|addcore:adder|unreg_res_node[5]~3                  ; out0             ;
; |count30|lpm_add_sub:Add0|addcore:adder|unreg_res_node[7]                    ; |count30|lpm_add_sub:Add0|addcore:adder|unreg_res_node[7]                    ; out0             ;
; |count30|lpm_add_sub:Add0|addcore:adder|unreg_res_node[6]                    ; |count30|lpm_add_sub:Add0|addcore:adder|unreg_res_node[6]                    ; out0             ;
; |count30|lpm_add_sub:Add0|addcore:adder|_~4                                  ; |count30|lpm_add_sub:Add0|addcore:adder|_~4                                  ; out0             ;
; |count30|lpm_add_sub:Add0|addcore:adder|_~5                                  ; |count30|lpm_add_sub:Add0|addcore:adder|_~5                                  ; out0             ;
; |count30|lpm_add_sub:Add0|addcore:adder|_~6                                  ; |count30|lpm_add_sub:Add0|addcore:adder|_~6                                  ; out0             ;
; |count30|lpm_add_sub:Add0|addcore:adder|_~7                                  ; |count30|lpm_add_sub:Add0|addcore:adder|_~7                                  ; out0             ;
; |count30|lpm_add_sub:Add0|addcore:adder|_~8                                  ; |count30|lpm_add_sub:Add0|addcore:adder|_~8                                  ; out0             ;
; |count30|lpm_add_sub:Add0|addcore:adder|_~9                                  ; |count30|lpm_add_sub:Add0|addcore:adder|_~9                                  ; out0             ;
; |count30|lpm_add_sub:Add0|addcore:adder|_~10                                 ; |count30|lpm_add_sub:Add0|addcore:adder|_~10                                 ; out0             ;
; |count30|lpm_add_sub:Add0|addcore:adder|_~11                                 ; |count30|lpm_add_sub:Add0|addcore:adder|_~11                                 ; out0             ;
; |count30|lpm_add_sub:Add0|addcore:adder|_~12                                 ; |count30|lpm_add_sub:Add0|addcore:adder|_~12                                 ; out0             ;
; |count30|lpm_add_sub:Add0|addcore:adder|_~13                                 ; |count30|lpm_add_sub:Add0|addcore:adder|_~13                                 ; out0             ;
; |count30|lpm_add_sub:Add0|addcore:adder|_~18                                 ; |count30|lpm_add_sub:Add0|addcore:adder|_~18                                 ; out0             ;
; |count30|lpm_add_sub:Add0|addcore:adder|_~19                                 ; |count30|lpm_add_sub:Add0|addcore:adder|_~19                                 ; out0             ;
; |count30|lpm_add_sub:Add0|addcore:adder|_~20                                 ; |count30|lpm_add_sub:Add0|addcore:adder|_~20                                 ; out0             ;
; |count30|lpm_add_sub:Add0|addcore:adder|_~25                                 ; |count30|lpm_add_sub:Add0|addcore:adder|_~25                                 ; out0             ;
; |count30|lpm_add_sub:Add0|addcore:adder|_~26                                 ; |count30|lpm_add_sub:Add0|addcore:adder|_~26                                 ; out0             ;
; |count30|lpm_add_sub:Add0|addcore:adder|_~27                                 ; |count30|lpm_add_sub:Add0|addcore:adder|_~27                                 ; out0             ;
; |count30|lpm_add_sub:Add0|addcore:adder|a_csnbuffer:result_node|cs_buffer[7] ; |count30|lpm_add_sub:Add0|addcore:adder|a_csnbuffer:result_node|cs_buffer[7] ; sout             ;
; |count30|lpm_add_sub:Add0|addcore:adder|a_csnbuffer:result_node|cs_buffer[6] ; |count30|lpm_add_sub:Add0|addcore:adder|a_csnbuffer:result_node|cout[6]      ; cout             ;
; |count30|lpm_add_sub:Add0|addcore:adder|a_csnbuffer:result_node|cs_buffer[6] ; |count30|lpm_add_sub:Add0|addcore:adder|a_csnbuffer:result_node|cs_buffer[6] ; sout             ;
; |count30|lpm_add_sub:Add0|addcore:adder|a_csnbuffer:result_node|cs_buffer[5] ; |count30|lpm_add_sub:Add0|addcore:adder|a_csnbuffer:result_node|cout[5]      ; cout             ;
+------------------------------------------------------------------------------+------------------------------------------------------------------------------+------------------+


The following table displays output ports that do not toggle to 0 during simulation.
+--------------------------------------------------------------------------------------------------------------------------------------------------------------------------------+
; Missing 0-Value Coverage                                                                                                                                                       ;
+------------------------------------------------------------------------------+------------------------------------------------------------------------------+------------------+
; Node Name                                                                    ; Output Port Name                                                             ; Output Port Type ;
+------------------------------------------------------------------------------+------------------------------------------------------------------------------+------------------+
; |count30|count~0                                                             ; |count30|count~0                                                             ; out              ;
; |count30|count~1                                                             ; |count30|count~1                                                             ; out              ;
; |count30|count[7]                                                            ; |count30|count[7]                                                            ; regout           ;
; |count30|count[6]                                                            ; |count30|count[6]                                                            ; regout           ;
; |count30|count[5]                                                            ; |count30|count[5]                                                            ; regout           ;
; |count30|rst                                                                 ; |count30|rst                                                                 ; out              ;
; |count30|c[5]                                                                ; |count30|c[5]                                                                ; pin_out          ;
; |count30|c[6]                                                                ; |count30|c[6]                                                                ; pin_out          ;
; |count30|c[7]                                                                ; |count30|c[7]                                                                ; pin_out          ;
; |count30|lpm_add_sub:Add0|result_node[6]                                     ; |count30|lpm_add_sub:Add0|result_node[6]                                     ; out0             ;
; |count30|lpm_add_sub:Add0|result_node[7]                                     ; |count30|lpm_add_sub:Add0|result_node[7]                                     ; out0             ;
; |count30|lpm_add_sub:Add0|addcore:adder|datab_node[0]~0                      ; |count30|lpm_add_sub:Add0|addcore:adder|datab_node[0]~0                      ; out0             ;
; |count30|lpm_add_sub:Add0|addcore:adder|datab_node[0]                        ; |count30|lpm_add_sub:Add0|addcore:adder|datab_node[0]                        ; out0             ;
; |count30|lpm_add_sub:Add0|addcore:adder|_~1                                  ; |count30|lpm_add_sub:Add0|addcore:adder|_~1                                  ; out0             ;
; |count30|lpm_add_sub:Add0|addcore:adder|_~2                                  ; |count30|lpm_add_sub:Add0|addcore:adder|_~2                                  ; out0             ;
; |count30|lpm_add_sub:Add0|addcore:adder|datab_node[7]~1                      ; |count30|lpm_add_sub:Add0|addcore:adder|datab_node[7]~1                      ; out0             ;
; |count30|lpm_add_sub:Add0|addcore:adder|datab_node[7]                        ; |count30|lpm_add_sub:Add0|addcore:adder|datab_node[7]                        ; out0             ;
; |count30|lpm_add_sub:Add0|addcore:adder|datab_node[6]                        ; |count30|lpm_add_sub:Add0|addcore:adder|datab_node[6]                        ; out0             ;
; |count30|lpm_add_sub:Add0|addcore:adder|datab_node[5]                        ; |count30|lpm_add_sub:Add0|addcore:adder|datab_node[5]                        ; out0             ;
; |count30|lpm_add_sub:Add0|addcore:adder|datab_node[4]                        ; |count30|lpm_add_sub:Add0|addcore:adder|datab_node[4]                        ; out0             ;
; |count30|lpm_add_sub:Add0|addcore:adder|datab_node[3]                        ; |count30|lpm_add_sub:Add0|addcore:adder|datab_node[3]                        ; out0             ;
; |count30|lpm_add_sub:Add0|addcore:adder|datab_node[2]                        ; |count30|lpm_add_sub:Add0|addcore:adder|datab_node[2]                        ; out0             ;
; |count30|lpm_add_sub:Add0|addcore:adder|datab_node[1]                        ; |count30|lpm_add_sub:Add0|addcore:adder|datab_node[1]                        ; out0             ;
; |count30|lpm_add_sub:Add0|addcore:adder|unreg_res_node[7]~1                  ; |count30|lpm_add_sub:Add0|addcore:adder|unreg_res_node[7]~1                  ; out0             ;
; |count30|lpm_add_sub:Add0|addcore:adder|unreg_res_node[6]~2                  ; |count30|lpm_add_sub:Add0|addcore:adder|unreg_res_node[6]~2                  ; out0             ;
; |count30|lpm_add_sub:Add0|addcore:adder|unreg_res_node[5]~3                  ; |count30|lpm_add_sub:Add0|addcore:adder|unreg_res_node[5]~3                  ; out0             ;
; |count30|lpm_add_sub:Add0|addcore:adder|unreg_res_node[7]                    ; |count30|lpm_add_sub:Add0|addcore:adder|unreg_res_node[7]                    ; out0             ;
; |count30|lpm_add_sub:Add0|addcore:adder|unreg_res_node[6]                    ; |count30|lpm_add_sub:Add0|addcore:adder|unreg_res_node[6]                    ; out0             ;
; |count30|lpm_add_sub:Add0|addcore:adder|_~4                                  ; |count30|lpm_add_sub:Add0|addcore:adder|_~4                                  ; out0             ;
; |count30|lpm_add_sub:Add0|addcore:adder|_~5                                  ; |count30|lpm_add_sub:Add0|addcore:adder|_~5                                  ; out0             ;
; |count30|lpm_add_sub:Add0|addcore:adder|_~6                                  ; |count30|lpm_add_sub:Add0|addcore:adder|_~6                                  ; out0             ;
; |count30|lpm_add_sub:Add0|addcore:adder|_~7                                  ; |count30|lpm_add_sub:Add0|addcore:adder|_~7                                  ; out0             ;
; |count30|lpm_add_sub:Add0|addcore:adder|_~8                                  ; |count30|lpm_add_sub:Add0|addcore:adder|_~8                                  ; out0             ;
; |count30|lpm_add_sub:Add0|addcore:adder|_~9                                  ; |count30|lpm_add_sub:Add0|addcore:adder|_~9                                  ; out0             ;
; |count30|lpm_add_sub:Add0|addcore:adder|_~10                                 ; |count30|lpm_add_sub:Add0|addcore:adder|_~10                                 ; out0             ;
; |count30|lpm_add_sub:Add0|addcore:adder|_~11                                 ; |count30|lpm_add_sub:Add0|addcore:adder|_~11                                 ; out0             ;
; |count30|lpm_add_sub:Add0|addcore:adder|_~12                                 ; |count30|lpm_add_sub:Add0|addcore:adder|_~12                                 ; out0             ;
; |count30|lpm_add_sub:Add0|addcore:adder|_~13                                 ; |count30|lpm_add_sub:Add0|addcore:adder|_~13                                 ; out0             ;
; |count30|lpm_add_sub:Add0|addcore:adder|_~18                                 ; |count30|lpm_add_sub:Add0|addcore:adder|_~18                                 ; out0             ;
; |count30|lpm_add_sub:Add0|addcore:adder|_~19                                 ; |count30|lpm_add_sub:Add0|addcore:adder|_~19                                 ; out0             ;
; |count30|lpm_add_sub:Add0|addcore:adder|_~20                                 ; |count30|lpm_add_sub:Add0|addcore:adder|_~20                                 ; out0             ;
; |count30|lpm_add_sub:Add0|addcore:adder|_~25                                 ; |count30|lpm_add_sub:Add0|addcore:adder|_~25                                 ; out0             ;
; |count30|lpm_add_sub:Add0|addcore:adder|_~26                                 ; |count30|lpm_add_sub:Add0|addcore:adder|_~26                                 ; out0             ;
; |count30|lpm_add_sub:Add0|addcore:adder|_~27                                 ; |count30|lpm_add_sub:Add0|addcore:adder|_~27                                 ; out0             ;
; |count30|lpm_add_sub:Add0|addcore:adder|a_csnbuffer:result_node|cs_buffer[7] ; |count30|lpm_add_sub:Add0|addcore:adder|a_csnbuffer:result_node|cs_buffer[7] ; sout             ;
; |count30|lpm_add_sub:Add0|addcore:adder|a_csnbuffer:result_node|cs_buffer[6] ; |count30|lpm_add_sub:Add0|addcore:adder|a_csnbuffer:result_node|cout[6]      ; cout             ;
; |count30|lpm_add_sub:Add0|addcore:adder|a_csnbuffer:result_node|cs_buffer[6] ; |count30|lpm_add_sub:Add0|addcore:adder|a_csnbuffer:result_node|cs_buffer[6] ; sout             ;
; |count30|lpm_add_sub:Add0|addcore:adder|a_csnbuffer:result_node|cs_buffer[5] ; |count30|lpm_add_sub:Add0|addcore:adder|a_csnbuffer:result_node|cout[5]      ; cout             ;
+------------------------------------------------------------------------------+------------------------------------------------------------------------------+------------------+


+---------------------+
; Simulator INI Usage ;
+--------+------------+
; Option ; Usage      ;
+--------+------------+


+--------------------+
; Simulator Messages ;
+--------------------+
Info: *******************************************************************
Info: Running Quartus II Simulator
    Info: Version 8.1 Build 163 10/28/2008 SJ Full Version
    Info: Processing started: Sat Dec 28 21:20:23 2019
Info: Command: quartus_sim --read_settings_files=on --write_settings_files=off count30 -c count30
Info: Using vector source file "E:/count30/count30.vwf"
Info: Option to preserve fewer signal transitions to reduce memory requirements is enabled
    Info: Simulation has been partitioned into sub-simulations according to the maximum transition count determined by the engine. Transitions from memory will be flushed out to disk at the end of each sub-simulation to reduce memory requirements.
Info: Simulation partitioned into 1 sub-simulations
Info: Simulation coverage is      60.00 %
Info: Number of transitions in simulation is 85891
Info: Quartus II Simulator was successful. 0 errors, 0 warnings
    Info: Peak virtual memory: 164 megabytes
    Info: Processing ended: Sat Dec 28 21:20:23 2019
    Info: Elapsed time: 00:00:00
    Info: Total CPU time (on all processors): 00:00:00


